2025-02-07 03:28:39.297 [info] Extension host with pid 14897 started
2025-02-07 03:28:39.297 [info] Skipping acquiring lock for /home/sita/.config/Code/User/workspaceStorage/b0fa9bd07b69bcfa9540dd05d09e9e6f.
2025-02-07 03:28:40.693 [info] ExtensionService#_doActivateExtension vscode.github-authentication, startup: false, activationEvent: 'onAuthenticationRequest:github'
2025-02-07 03:28:42.039 [info] ExtensionService#_doActivateExtension vscode.git-base, startup: true, activationEvent: '*'
2025-02-07 03:28:43.135 [info] ExtensionService#_doActivateExtension vscode.github, startup: true, activationEvent: '*'
2025-02-07 03:28:44.105 [info] Eager extensions activated
2025-02-07 03:28:44.360 [info] ExtensionService#_doActivateExtension vscode.debug-auto-launch, startup: false, activationEvent: 'onStartupFinished'
2025-02-07 03:28:44.398 [info] ExtensionService#_doActivateExtension vscode.merge-conflict, startup: false, activationEvent: 'onStartupFinished'
2025-02-07 03:29:15.569 [info] ExtensionService#_doActivateExtension vscode.git, startup: false, activationEvent: 'api', root cause: vscode.github
2025-02-07 03:29:32.160 [warning] [Decorations] CAPPING events from decorations provider vscode.git 10000
2025-02-07 03:29:48.195 [info] ExtensionService#_doActivateExtension vscode.emmet, startup: false, activationEvent: 'onLanguage'
2025-02-07 03:29:54.474 [warning] [Decorations] CAPPING events from decorations provider vscode.git 10002
2025-02-07 03:31:01.227 [info] ExtensionService#_doActivateExtension ms-vscode.js-debug, startup: false, activationEvent: 'onDebugInitialConfigurations'
2025-02-07 03:31:02.964 [info] ExtensionService#_doActivateExtension ms-python.python, startup: false, activationEvent: 'onDebugInitialConfigurations', root cause: ms-python.debugpy
2025-02-07 03:31:13.600 [info] ExtensionService#_doActivateExtension ms-python.debugpy, startup: false, activationEvent: 'onDebugInitialConfigurations'
2025-02-07 03:31:19.243 [info] ExtensionService#_doActivateExtension ms-python.vscode-pylance, startup: false, activationEvent: 'api', root cause: ms-python.python
2025-02-07 03:31:40.045 [info] ExtensionService#_doActivateExtension vscode.debug-server-ready, startup: false, activationEvent: 'onDebugResolve'
2025-02-07 03:37:39.021 [warning] [Decorations] CAPPING events from decorations provider vscode.git 10033
2025-02-07 03:37:57.622 [warning] [Decorations] CAPPING events from decorations provider vscode.git 10001
2025-02-07 03:38:15.701 [warning] [Decorations] CAPPING events from decorations provider vscode.git 10000
2025-02-07 03:38:35.979 [warning] [Decorations] CAPPING events from decorations provider vscode.git 10000
